<?xml version="1.0" encoding="UTF-8"?>
<!-- Generated by org.testng.reporters.JUnitReportReporter -->
<testsuite hostname="LAPTOP-GF5TR41E" failures="0" tests="2" name="project.Functional" time="3.402" errors="0" timestamp="2024-10-22T12:29:14 IST" skipped="0">
  <testcase classname="project.Functional" name="login" time="3.376"/>
  <system-out/>
  <testcase classname="project.Functional" name="pagecheck" time="0.026"/>
  <system-out/>
</testsuite> <!-- project.Functional -->
