<?xml version="1.0" encoding="UTF-8"?>
<!-- Generated by org.testng.reporters.JUnitReportReporter -->
<testsuite hostname="LAPTOP-GF5TR41E" failures="0" tests="1" name="project.P2" time="5.515" errors="0" timestamp="2024-10-20T08:15:55 IST" skipped="0">
  <testcase classname="project.P2" name="page1" time="5.515"/>
  <system-out/>
</testsuite> <!-- project.P2 -->
