<?xml version="1.0" encoding="UTF-8"?>
<!-- Generated by org.testng.reporters.JUnitReportReporter -->
<testsuite hostname="LAPTOP-GF5TR41E" failures="0" tests="1" name="project.Mortage" time="6.898" errors="0" timestamp="2024-11-27T08:43:35 IST" skipped="0">
  <testcase classname="project.Mortage" name="cal" time="6.898"/>
  <system-out/>
</testsuite> <!-- project.Mortage -->
