<?xml version="1.0" encoding="UTF-8"?>
<!-- Generated by org.testng.reporters.JUnitReportReporter -->
<testsuite hostname="LAPTOP-GF5TR41E" failures="0" tests="1" name="project.Logintest" time="4.895" errors="0" timestamp="2024-10-19T15:36:21 IST" skipped="0">
  <testcase classname="project.Logintest" name="login" time="4.895"/>
  <system-out/>
</testsuite> <!-- project.Logintest -->
