<?xml version="1.0" encoding="UTF-8"?>
<!-- Generated by org.testng.reporters.JUnitReportReporter -->
<testsuite hostname="LAPTOP-GF5TR41E" failures="0" tests="3" name="project.E2E" time="3.067" errors="0" timestamp="2024-12-03T18:53:31 IST" skipped="0">
  <testcase classname="project.E2E" name="orderselection" time="1.433"/>
  <system-out/>
  <testcase classname="project.E2E" name="e2e" time="0.271"/>
  <system-out/>
  <testcase classname="project.E2E" name="payment" time="1.363"/>
  <system-out/>
</testsuite> <!-- project.E2E -->
