<?xml version="1.0" encoding="UTF-8"?>
<!-- Generated by org.testng.reporters.JUnitReportReporter -->
<testsuite hostname="LAPTOP-GF5TR41E" failures="0" tests="1" name="project.Datadrive" time="1.003" errors="0" timestamp="2024-12-06T22:59:54 IST" skipped="0">
  <testcase classname="project.Datadrive" name="data" time="1.003"/>
  <system-out/>
</testsuite> <!-- project.Datadrive -->
